<?xml version="1.0" encoding="UTF-8"?>
<!-- Generated by org.testng.reporters.JUnitReportReporter -->
<testsuite hostname="ADITYA" failures="0" tests="1" name="Task.HAndMTest2" time="46.549" errors="0" timestamp="2024-06-26T19:53:35 IST" skipped="0">
  <testcase classname="Task.HAndMTest2" name="tc" time="46.549">
    <system-out>
      <![CDATA[Item added to bag, passed]]>
    </system-out>
  </testcase> <!-- tc -->
  <system-out>
    <![CDATA[Item added to bag, passed]]>
  </system-out>
</testsuite> <!-- Task.HAndMTest2 -->
