<?xml version="1.0" encoding="UTF-8"?>
<!-- Generated by org.testng.reporters.JUnitReportReporter -->
<testsuite hostname="ADITYA" failures="0" tests="1" name="Gesture.DragGesture" time="15.953" errors="0" timestamp="2024-06-24T13:08:25 IST" skipped="0">
  <testcase classname="Gesture.DragGesture" name="tc" time="15.953"/>
</testsuite> <!-- Gesture.DragGesture -->
