<?xml version="1.0" encoding="UTF-8"?>
<!-- Generated by org.testng.reporters.JUnitReportReporter -->
<testsuite hostname="ADITYA" failures="0" tests="1" name="DriverMethods.ActivateApp_CurrentActivity_RunAppbackGround" time="19.625" errors="0" timestamp="2024-06-25T17:42:19 IST" skipped="0">
  <testcase classname="DriverMethods.ActivateApp_CurrentActivity_RunAppbackGround" name="tc" time="19.625"/>
</testsuite> <!-- DriverMethods.ActivateApp_CurrentActivity_RunAppbackGround -->
