<?xml version="1.0" encoding="UTF-8"?>
<!-- Generated by org.testng.reporters.JUnitReportReporter -->
<testsuite hostname="ADITYA" failures="0" tests="1" name="Practice.InstallAnApp" time="12.151" errors="0" timestamp="2024-06-25T19:34:55 IST" skipped="0">
  <testcase classname="Practice.InstallAnApp" name="test" time="12.151"/>
</testsuite> <!-- Practice.InstallAnApp -->
