<?xml version="1.0" encoding="UTF-8"?>
<!-- Generated by org.testng.reporters.JUnitReportReporter -->
<testsuite hostname="ADITYA" failures="0" tests="1" name="Testcase.WishListAddToCart" time="43.845" errors="0" timestamp="2024-06-29T12:31:20 IST" skipped="0">
  <testcase classname="Testcase.WishListAddToCart" name="tc" time="43.845">
    <system-out>
      <![CDATA[Item added to wishlist, passed
Item added to bag from wishlist, passed]]>
    </system-out>
  </testcase> <!-- tc -->
  <system-out>
    <![CDATA[Item added to wishlist, passed
Item added to bag from wishlist, passed]]>
  </system-out>
</testsuite> <!-- Testcase.WishListAddToCart -->
