<?xml version="1.0" encoding="UTF-8"?>
<!-- Generated by org.testng.reporters.JUnitReportReporter -->
<testsuite hostname="ADITYA" failures="0" tests="1" name="DriverMethods.QueryAppState" time="4.482" errors="0" timestamp="2024-06-25T11:28:44 IST" skipped="0">
  <testcase classname="DriverMethods.QueryAppState" name="tc" time="4.482"/>
</testsuite> <!-- DriverMethods.QueryAppState -->
