<?xml version="1.0" encoding="UTF-8"?>
<!-- Generated by org.testng.reporters.JUnitReportReporter -->
<testsuite hostname="ADITYA" failures="0" tests="1" name="Gesture.LongClick" time="17.886" errors="0" timestamp="2024-06-24T12:16:24 IST" skipped="0">
  <testcase classname="Gesture.LongClick" name="test" time="17.886"/>
</testsuite> <!-- Gesture.LongClick -->
