<?xml version="1.0" encoding="UTF-8"?>
<!-- Generated by org.testng.reporters.JUnitReportReporter -->
<testsuite hostname="ADITYA" failures="0" tests="1" name="Practice.BrowserStack" time="21.474" errors="0" timestamp="2024-06-28T17:45:25 IST" skipped="0">
  <testcase classname="Practice.BrowserStack" name="tc" time="21.474"/>
</testsuite> <!-- Practice.BrowserStack -->
