<?xml version="1.0" encoding="UTF-8"?>
<!-- Generated by org.testng.reporters.JUnitReportReporter -->
<testsuite hostname="ADITYA" failures="0" tests="1" name="Practice.BrowserStack_hybrid" time="34.040" errors="0" timestamp="2024-06-28T18:42:48 IST" skipped="0">
  <testcase classname="Practice.BrowserStack_hybrid" name="tc" time="34.040"/>
</testsuite> <!-- Practice.BrowserStack_hybrid -->
