<?xml version="1.0" encoding="UTF-8"?>
<!-- Generated by org.testng.reporters.JUnitReportReporter -->
<testsuite hostname="ADITYA" failures="0" tests="1" name="Practice.ToastNotification" time="14.694" errors="0" timestamp="2024-06-28T18:53:30 IST" skipped="0">
  <testcase classname="Practice.ToastNotification" name="tc" time="14.694"/>
</testsuite> <!-- Practice.ToastNotification -->
