<?xml version="1.0" encoding="UTF-8"?>
<!-- Generated by org.testng.reporters.JUnitReportReporter -->
<testsuite hostname="ADITYA" failures="0" tests="1" name="Practice.BrowserStack_window" time="12.021" errors="0" timestamp="2024-06-28T18:34:26 IST" skipped="0">
  <testcase classname="Practice.BrowserStack_window" name="tc" time="12.021"/>
</testsuite> <!-- Practice.BrowserStack_window -->
