<?xml version="1.0" encoding="UTF-8"?>
<!-- Generated by org.testng.reporters.JUnitReportReporter -->
<testsuite hostname="ADITYA" failures="0" tests="1" name="DriverMethods.PressKey" time="9.176" errors="0" timestamp="2024-06-25T13:21:45 IST" skipped="0">
  <testcase classname="DriverMethods.PressKey" name="tc" time="9.176"/>
</testsuite> <!-- DriverMethods.PressKey -->
