<?xml version="1.0" encoding="UTF-8"?>
<!-- Generated by org.testng.reporters.JUnitReportReporter -->
<testsuite hostname="ADITYA" failures="0" tests="1" name="Task.CatagoryTest" time="39.494" errors="0" timestamp="2024-06-28T12:59:28 IST" skipped="0">
  <testcase classname="Task.CatagoryTest" name="tc" time="39.494">
    <system-out>
      <![CDATA[Item added to bag, passed]]>
    </system-out>
  </testcase> <!-- tc -->
  <system-out>
    <![CDATA[Item added to bag, passed]]>
  </system-out>
</testsuite> <!-- Task.CatagoryTest -->
