<?xml version="1.0" encoding="UTF-8"?>
<!-- Generated by org.testng.reporters.JUnitReportReporter -->
<testsuite hostname="ADITYA" failures="0" tests="1" name="DriverMethods.ActivateApp" time="4.620" errors="0" timestamp="2024-06-25T11:18:55 IST" skipped="0">
  <testcase classname="DriverMethods.ActivateApp" name="tc" time="4.620"/>
</testsuite> <!-- DriverMethods.ActivateApp -->
