<?xml version="1.0" encoding="UTF-8"?>
<!-- Generated by org.testng.reporters.JUnitReportReporter -->
<testsuite hostname="ADITYA" failures="0" tests="1" name="DriverMethods.ClipboardActiom" time="8.932" errors="0" timestamp="2024-06-25T15:01:26 IST" skipped="0">
  <testcase classname="DriverMethods.ClipboardActiom" name="tc" time="8.932"/>
</testsuite> <!-- DriverMethods.ClipboardActiom -->
