<?xml version="1.0" encoding="UTF-8"?>
<!-- Generated by org.testng.reporters.JUnitReportReporter -->
<testsuite hostname="ADITYA" failures="0" tests="1" name="DriverMethods.Toggle" time="7.964" errors="0" timestamp="2024-06-25T21:50:14 IST" skipped="0">
  <testcase classname="DriverMethods.Toggle" name="tc" time="7.964"/>
</testsuite> <!-- DriverMethods.Toggle -->
