<?xml version="1.0" encoding="UTF-8"?>
<!-- Generated by org.testng.reporters.JUnitReportReporter -->
<testsuite hostname="ADITYA" failures="0" tests="1" name="Testcase.FollowUs" time="24.227" errors="0" timestamp="2024-06-29T13:43:24 IST" skipped="0">
  <testcase classname="Testcase.FollowUs" name="tc" time="24.227">
    <system-out>
      <![CDATA[navigateed to correct page]]>
    </system-out>
  </testcase> <!-- tc -->
  <system-out>
    <![CDATA[navigateed to correct page]]>
  </system-out>
</testsuite> <!-- Testcase.FollowUs -->
