<?xml version="1.0" encoding="UTF-8"?>
<!-- Generated by org.testng.reporters.JUnitReportReporter -->
<testsuite hostname="ADITYA" failures="0" tests="1" name="DriverMethods.ActivateApp_GetCurrentActivity_RunAppbackGround" time="15.857" errors="0" timestamp="2024-06-25T11:23:43 IST" skipped="0">
  <testcase classname="DriverMethods.ActivateApp_GetCurrentActivity_RunAppbackGround" name="tc" time="15.857"/>
</testsuite> <!-- DriverMethods.ActivateApp_GetCurrentActivity_RunAppbackGround -->
