<?xml version="1.0" encoding="UTF-8"?>
<!-- Generated by org.testng.reporters.JUnitReportReporter -->
<testsuite hostname="ADITYA" failures="0" tests="1" name="Task.HMCreateAccountTest" time="16.302" errors="0" timestamp="2024-06-27T18:22:16 IST" skipped="0">
  <testcase classname="Task.HMCreateAccountTest" name="tc" time="16.302"/>
</testsuite> <!-- Task.HMCreateAccountTest -->
