<?xml version="1.0" encoding="UTF-8"?>
<!-- Generated by org.testng.reporters.JUnitReportReporter -->
<testsuite hostname="ADITYA" failures="0" tests="1" name="Practice.BrowserStack_Web" time="20.696" errors="0" timestamp="2024-06-29T10:18:07 IST" skipped="0">
  <testcase classname="Practice.BrowserStack_Web" name="tc" time="20.696"/>
</testsuite> <!-- Practice.BrowserStack_Web -->
