<?xml version="1.0" encoding="UTF-8"?>
<!-- Generated by org.testng.reporters.JUnitReportReporter -->
<testsuite hostname="ADITYA" failures="0" tests="1" name="Gesture.ZoomInZoomout" time="11.499" errors="0" timestamp="2024-06-24T15:00:16 IST" skipped="0">
  <testcase classname="Gesture.ZoomInZoomout" name="tc" time="11.499"/>
</testsuite> <!-- Gesture.ZoomInZoomout -->
