<?xml version="1.0" encoding="UTF-8"?>
<!-- Generated by org.testng.reporters.JUnitReportReporter -->
<testsuite hostname="ADITYA" failures="0" tests="1" name="DriverMethods.Context" time="58.086" errors="0" timestamp="2024-06-29T13:10:39 IST" skipped="0">
  <testcase classname="DriverMethods.Context" name="tc" time="58.086"/>
</testsuite> <!-- DriverMethods.Context -->
