<?xml version="1.0" encoding="UTF-8"?>
<!-- Generated by org.testng.reporters.JUnitReportReporter -->
<testsuite hostname="ADITYA" failures="0" tests="1" name="DriverMethods.ActivateAppAndGetCurrentActivity" time="4.554" errors="0" timestamp="2024-06-25T11:20:33 IST" skipped="0">
  <testcase classname="DriverMethods.ActivateAppAndGetCurrentActivity" name="tc" time="4.554"/>
</testsuite> <!-- DriverMethods.ActivateAppAndGetCurrentActivity -->
