<?xml version="1.0" encoding="UTF-8"?>
<!-- Generated by org.testng.reporters.JUnitReportReporter -->
<testsuite hostname="ADITYA" failures="0" tests="1" name="Testcase.HMAddToCartTest" time="34.565" errors="0" timestamp="2024-06-28T13:01:36 IST" skipped="0">
  <testcase classname="Testcase.HMAddToCartTest" name="tc" time="34.565">
    <system-out>
      <![CDATA[Item added to bag, passed]]>
    </system-out>
  </testcase> <!-- tc -->
  <system-out>
    <![CDATA[Item added to bag, passed]]>
  </system-out>
</testsuite> <!-- Testcase.HMAddToCartTest -->
