<?xml version="1.0" encoding="UTF-8"?>
<!-- Generated by org.testng.reporters.JUnitReportReporter -->
<testsuite hostname="ADITYA" failures="0" tests="1" name="Task.HAndMTest3" time="34.695" errors="0" timestamp="2024-06-27T11:16:48 IST" skipped="0">
  <testcase classname="Task.HAndMTest3" name="tc" time="34.695"/>
</testsuite> <!-- Task.HAndMTest3 -->
