<?xml version="1.0" encoding="UTF-8"?>
<!-- Generated by org.testng.reporters.JUnitReportReporter -->
<testsuite hostname="ADITYA" failures="0" tests="1" name="Practice.Calculator" time="15.531" errors="0" timestamp="2024-06-28T13:05:27 IST" skipped="0">
  <testcase classname="Practice.Calculator" name="calculator" time="15.531"/>
</testsuite> <!-- Practice.Calculator -->
