<?xml version="1.0" encoding="UTF-8"?>
<!-- Generated by org.testng.reporters.JUnitReportReporter -->
<testsuite hostname="ADITYA" failures="0" tests="1" name="DriverMethods.InstallAndRemove" time="13.121" errors="0" timestamp="2024-06-25T11:02:36 IST" skipped="0">
  <testcase classname="DriverMethods.InstallAndRemove" name="tc" time="13.121"/>
</testsuite> <!-- DriverMethods.InstallAndRemove -->
