<?xml version="1.0" encoding="UTF-8"?>
<!-- Generated by org.testng.reporters.JUnitReportReporter -->
<testsuite hostname="ADITYA" failures="0" tests="1" name="Gesture.DoubleClick" time="9.946" errors="0" timestamp="2024-06-24T15:08:09 IST" skipped="0">
  <testcase classname="Gesture.DoubleClick" name="tc" time="9.946"/>
</testsuite> <!-- Gesture.DoubleClick -->
