<?xml version="1.0" encoding="UTF-8"?>
<!-- Generated by org.testng.reporters.JUnitReportReporter -->
<testsuite hostname="ADITYA" failures="0" tests="1" name="DriverMethods.HidekeyBoard" time="11.729" errors="0" timestamp="2024-06-25T12:59:05 IST" skipped="0">
  <testcase classname="DriverMethods.HidekeyBoard" name="tc" time="11.729"/>
</testsuite> <!-- DriverMethods.HidekeyBoard -->
