<?xml version="1.0" encoding="UTF-8"?>
<!-- Generated by org.testng.reporters.JUnitReportReporter -->
<testsuite hostname="ADITYA" failures="0" tests="1" name="DriverMethods.InstallAndRemoveApp" time="6.738" errors="0" timestamp="2024-06-25T12:45:39 IST" skipped="0">
  <testcase classname="DriverMethods.InstallAndRemoveApp" name="tc" time="6.738"/>
</testsuite> <!-- DriverMethods.InstallAndRemoveApp -->
