<?xml version="1.0" encoding="UTF-8"?>
<!-- Generated by org.testng.reporters.JUnitReportReporter -->
<testsuite hostname="ADITYA" failures="0" tests="1" name="DriverMethods.GetNotifoication" time="10.432" errors="0" timestamp="2024-06-25T12:42:40 IST" skipped="0">
  <testcase classname="DriverMethods.GetNotifoication" name="tc" time="10.432"/>
</testsuite> <!-- DriverMethods.GetNotifoication -->
