<?xml version="1.0" encoding="UTF-8"?>
<!-- Generated by org.testng.reporters.JUnitReportReporter -->
<testsuite hostname="ADITYA" failures="0" tests="1" name="UnlockCapability.capability" time="20.589" errors="0" timestamp="2024-06-26T11:16:54 IST" skipped="0">
  <testcase classname="UnlockCapability.capability" name="tc" time="20.589"/>
</testsuite> <!-- UnlockCapability.capability -->
