<?xml version="1.0" encoding="UTF-8"?>
<!-- Generated by org.testng.reporters.JUnitReportReporter -->
<testsuite hostname="ADITYA" failures="0" tests="1" name="Gesture.CliclGesture" time="10.672" errors="0" timestamp="2024-06-24T18:01:22 IST" skipped="0">
  <testcase classname="Gesture.CliclGesture" name="tc" time="10.672"/>
</testsuite> <!-- Gesture.CliclGesture -->
