<?xml version="1.0" encoding="UTF-8"?>
<!-- Generated by org.testng.reporters.JUnitReportReporter -->
<testsuite hostname="ADITYA" failures="0" tests="1" name="Task.Test1" time="36.436" errors="0" timestamp="2024-06-25T13:02:17 IST" skipped="0">
  <testcase classname="Task.Test1" name="tc" time="36.436"/>
</testsuite> <!-- Task.Test1 -->
