<?xml version="1.0" encoding="UTF-8"?>
<!-- Generated by org.testng.reporters.JUnitReportReporter -->
<testsuite hostname="ADITYA" failures="0" tests="1" name="Testcase.AddToCartTest" time="34.358" errors="0" timestamp="2024-06-29T12:15:20 IST" skipped="0">
  <testcase classname="Testcase.AddToCartTest" name="tc" time="34.358">
    <system-out>
      <![CDATA[Item added to bag, passed]]>
    </system-out>
  </testcase> <!-- tc -->
  <system-out>
    <![CDATA[Item added to bag, passed]]>
  </system-out>
</testsuite> <!-- Testcase.AddToCartTest -->
