<?xml version="1.0" encoding="UTF-8"?>
<!-- Generated by org.testng.reporters.JUnitReportReporter -->
<testsuite hostname="ADITYA" failures="0" tests="1" name="Gesture.SwipeGesture" time="11.128" errors="0" timestamp="2024-06-24T18:12:41 IST" skipped="0">
  <testcase classname="Gesture.SwipeGesture" name="tc" time="11.128"/>
</testsuite> <!-- Gesture.SwipeGesture -->
