<?xml version="1.0" encoding="UTF-8"?>
<!-- Generated by org.testng.reporters.JUnitReportReporter -->
<testsuite hostname="ADITYA" failures="0" tests="1" name="Testcase.WishListTest" time="31.595" errors="0" timestamp="2024-06-29T12:03:59 IST" skipped="0">
  <testcase classname="Testcase.WishListTest" name="tc" time="31.595">
    <system-out>
      <![CDATA[Item added to wishlist, passed]]>
    </system-out>
  </testcase> <!-- tc -->
  <system-out>
    <![CDATA[Item added to wishlist, passed]]>
  </system-out>
</testsuite> <!-- Testcase.WishListTest -->
